
ROM used:   392/32768 (1%)
            392/32768 (1%) including unused fragments

            0.1 Average locations per line
            0.7 Average locations per statement

RAM used:   17/2048 (1%) at main() level
            17/2048 (1%) worst case

Stack used: 0 worst case (0 in main + 0 for interrupts)
Stack size: 31

Lines Stmts  %   Files
----- ----- ---  -----
  133    65  12  SerieParalelo.c
  852     0   0  ..\..\..\..\Program Files (x86)\PICC\Devices\18F4550.h
 1352   359  65  ..\..\..\..\Program Files (x86)\PICC\Drivers\stdlib.h
   32     0   0  ..\..\..\..\Program Files (x86)\PICC\Drivers\stddef.h
  435   129  23  ..\..\..\..\Program Files (x86)\PICC\Drivers\string.h
   28     0   0  ..\..\..\..\Program Files (x86)\PICC\Drivers\ctype.h
----- -----
 2832   553 Total

Page ROM  %  RAM    Vol Diff  Functions:
---- --- --- ---    --- ----  ----------
0     42   5    1             @delay_ms1
0     10   1    0             @PUTCHARI_BIU_1
0    306  39    1   1389  5.8  MAIN
0     30   4    0    113  1.3  put_address
 Inline         0             @cinit1

Program metrics:
    Functions               2
    Statements              553
    Comments                958
    Volume (V)              1638
    Difficulty (D)          6.9
    Effort to implement (E) 11369
    Time to implement (T)   11 minutes
    Est Delivered Bugs (B)  0
    Cyclomatic Complexity   9
    Maintainability (MI)    74

 Segment     Used  Free
-----------  ----  ----
00000-00002     4  0  
00004-07FFE   388  32376  



